federated_python_env contract ok
{
  "generated_at_utc": "2026-03-18T20:19:00.776784+00:00",
  "template": false,
  "runs": [
    {
      "run_id": "track1-gate-dryrun-1",
      "executed_at_utc": "2026-03-18T20:18:33.483993+00:00",
      "checks": {
        "docs_check": {
          "command": "bash docs/initiatives/unified-personal-agent-platform/00-governance/scripts/uap-docs.sh check --profile all",
          "rc": 0,
          "pass": true,
          "stdout": "canonical check passed\nworkbench check passed\ncheck passed for profile 'all'",
          "stderr": ""
        },
        "schema_check": {
          "command": "python3 planningops/scripts/validate_project_field_schema.py --fail-on-mismatch",
          "rc": 0,
          "pass": true,
          "stdout": "report written: planningops/artifacts/validation/project-field-schema-report.json\nevaluated_items=200 violation_count=0 verdict=pass",
          "stderr": "",
          "violation_count": 0
        },
        "kpi_check": {
          "pass": true,
          "missing_only": false,
          "reasons": [],
          "metrics": {
            "loop_success_rate": 0.95,
            "replan_without_evidence": 0,
            "schema_drift_recovery_time_p95_hours": 8
          }
        }
      },
      "verdict": "pass",
      "reasons": []
    },
    {
      "run_id": "track1-gate-dryrun-2",
      "executed_at_utc": "2026-03-18T20:19:00.774997+00:00",
      "checks": {
        "docs_check": {
          "command": "bash docs/initiatives/unified-personal-agent-platform/00-governance/scripts/uap-docs.sh check --profile all",
          "rc": 0,
          "pass": true,
          "stdout": "canonical check passed\nworkbench check passed\ncheck passed for profile 'all'",
          "stderr": ""
        },
        "schema_check": {
          "command": "python3 planningops/scripts/validate_project_field_schema.py --fail-on-mismatch",
          "rc": 0,
          "pass": true,
          "stdout": "report written: planningops/artifacts/validation/project-field-schema-report.json\nevaluated_items=200 violation_count=0 verdict=pass",
          "stderr": "",
          "violation_count": 0
        },
        "kpi_check": {
          "pass": true,
          "missing_only": false,
          "reasons": [],
          "metrics": {
            "loop_success_rate": 0.95,
            "replan_without_evidence": 0,
            "schema_drift_recovery_time_p95_hours": 8
          }
        }
      },
      "verdict": "pass",
      "reasons": []
    }
  ],
  "reproducibility_match": true,
  "final_verdict": "pass",
  "kpi_source_path": "planningops/fixtures/track1-kpi-baseline-ci.json"
}
{
  "generated_at_utc": "2026-03-18T20:19:00.819278+00:00",
  "template": false,
  "runs": [
    {
      "run_id": "track1-gate-dryrun-1",
      "executed_at_utc": "2026-03-18T20:19:00.819006+00:00",
      "checks": {
        "docs_check": {
          "command": "bash docs/initiatives/unified-personal-agent-platform/00-governance/scripts/uap-docs.sh check --profile all",
          "rc": 0,
          "pass": true,
          "stdout": "docs-pass",
          "stderr": ""
        },
        "schema_check": {
          "command": "python3 planningops/scripts/validate_project_field_schema.py --fail-on-mismatch",
          "rc": 0,
          "pass": true,
          "stdout": "schema-pass",
          "stderr": "",
          "violation_count": 0
        },
        "kpi_check": {
          "pass": false,
          "missing_only": true,
          "reasons": [
            "kpi.loop_success_rate.missing"
          ],
          "metrics": {}
        }
      },
      "verdict": "inconclusive",
      "reasons": [
        "kpi.loop_success_rate.missing"
      ]
    },
    {
      "run_id": "track1-gate-dryrun-2",
      "executed_at_utc": "2026-03-18T20:19:00.819123+00:00",
      "checks": {
        "docs_check": {
          "command": "bash docs/initiatives/unified-personal-agent-platform/00-governance/scripts/uap-docs.sh check --profile all",
          "rc": 0,
          "pass": true,
          "stdout": "docs-pass",
          "stderr": ""
        },
        "schema_check": {
          "command": "python3 planningops/scripts/validate_project_field_schema.py --fail-on-mismatch",
          "rc": 0,
          "pass": true,
          "stdout": "schema-pass",
          "stderr": "",
          "violation_count": 0
        },
        "kpi_check": {
          "pass": false,
          "missing_only": true,
          "reasons": [
            "kpi.loop_success_rate.missing"
          ],
          "metrics": {}
        }
      },
      "verdict": "inconclusive",
      "reasons": [
        "kpi.loop_success_rate.missing"
      ]
    }
  ],
  "reproducibility_match": true,
  "final_verdict": "inconclusive",
  "kpi_source_path": "/var/folders/sd/d2r84lw564dbdjbkbggr7pnh0000gn/T/tmptr_7ir12/validation/track1-kpi-baseline.json"
}
{
  "generated_at_utc": "2026-03-18T20:19:00.819821+00:00",
  "template": false,
  "runs": [
    {
      "run_id": "track1-gate-dryrun-1",
      "executed_at_utc": "2026-03-18T20:19:00.819721+00:00",
      "checks": {
        "docs_check": {
          "command": "bash docs/initiatives/unified-personal-agent-platform/00-governance/scripts/uap-docs.sh check --profile all",
          "rc": 0,
          "pass": true,
          "stdout": "docs-pass",
          "stderr": ""
        },
        "schema_check": {
          "command": "python3 planningops/scripts/validate_project_field_schema.py --fail-on-mismatch",
          "rc": 0,
          "pass": true,
          "stdout": "schema-pass",
          "stderr": "",
          "violation_count": 0
        },
        "kpi_check": {
          "pass": false,
          "missing_only": true,
          "reasons": [
            "kpi.loop_success_rate.missing"
          ],
          "metrics": {}
        }
      },
      "verdict": "inconclusive",
      "reasons": [
        "kpi.loop_success_rate.missing"
      ]
    },
    {
      "run_id": "track1-gate-dryrun-2",
      "executed_at_utc": "2026-03-18T20:19:00.819726+00:00",
      "checks": {
        "docs_check": {
          "command": "bash docs/initiatives/unified-personal-agent-platform/00-governance/scripts/uap-docs.sh check --profile all",
          "rc": 0,
          "pass": true,
          "stdout": "docs-pass",
          "stderr": ""
        },
        "schema_check": {
          "command": "python3 planningops/scripts/validate_project_field_schema.py --fail-on-mismatch",
          "rc": 0,
          "pass": true,
          "stdout": "schema-pass",
          "stderr": "",
          "violation_count": 0
        },
        "kpi_check": {
          "pass": false,
          "missing_only": true,
          "reasons": [
            "kpi.loop_success_rate.missing"
          ],
          "metrics": {}
        }
      },
      "verdict": "inconclusive",
      "reasons": [
        "kpi.loop_success_rate.missing"
      ]
    }
  ],
  "reproducibility_match": true,
  "final_verdict": "inconclusive",
  "kpi_source_path": "/var/folders/sd/d2r84lw564dbdjbkbggr7pnh0000gn/T/tmptr_7ir12/validation/track1-kpi-baseline.json"
}
{
  "generated_at_utc": "2026-03-18T20:19:00.820127+00:00",
  "template": false,
  "runs": [
    {
      "run_id": "track1-gate-dryrun-1",
      "executed_at_utc": "2026-03-18T20:19:00.820038+00:00",
      "checks": {
        "docs_check": {
          "command": "bash docs/initiatives/unified-personal-agent-platform/00-governance/scripts/uap-docs.sh check --profile all",
          "rc": 0,
          "pass": true,
          "stdout": "docs-pass",
          "stderr": ""
        },
        "schema_check": {
          "command": "python3 planningops/scripts/validate_project_field_schema.py --fail-on-mismatch",
          "rc": 0,
          "pass": true,
          "stdout": "schema-pass",
          "stderr": "",
          "violation_count": 0
        },
        "kpi_check": {
          "pass": true,
          "missing_only": false,
          "reasons": [],
          "metrics": {
            "loop_success_rate": 0.95,
            "replan_without_evidence": 0,
            "schema_drift_recovery_time_p95_hours": 8
          }
        }
      },
      "verdict": "pass",
      "reasons": []
    },
    {
      "run_id": "track1-gate-dryrun-2",
      "executed_at_utc": "2026-03-18T20:19:00.820043+00:00",
      "checks": {
        "docs_check": {
          "command": "bash docs/initiatives/unified-personal-agent-platform/00-governance/scripts/uap-docs.sh check --profile all",
          "rc": 0,
          "pass": true,
          "stdout": "docs-pass",
          "stderr": ""
        },
        "schema_check": {
          "command": "python3 planningops/scripts/validate_project_field_schema.py --fail-on-mismatch",
          "rc": 0,
          "pass": true,
          "stdout": "schema-pass",
          "stderr": "",
          "violation_count": 0
        },
        "kpi_check": {
          "pass": true,
          "missing_only": false,
          "reasons": [],
          "metrics": {
            "loop_success_rate": 0.95,
            "replan_without_evidence": 0,
            "schema_drift_recovery_time_p95_hours": 8
          }
        }
      },
      "verdict": "pass",
      "reasons": []
    }
  ],
  "reproducibility_match": true,
  "final_verdict": "pass",
  "kpi_source_path": "/var/folders/sd/d2r84lw564dbdjbkbggr7pnh0000gn/T/tmptr_7ir12/validation/track1-kpi-baseline.json"
}
{
  "generated_at_utc": "2026-03-18T20:19:00.820478+00:00",
  "template": false,
  "runs": [
    {
      "run_id": "track1-gate-dryrun-1",
      "executed_at_utc": "2026-03-18T20:19:00.820370+00:00",
      "checks": {
        "docs_check": {
          "command": "bash docs/initiatives/unified-personal-agent-platform/00-governance/scripts/uap-docs.sh check --profile all",
          "rc": 0,
          "pass": true,
          "stdout": "docs-pass",
          "stderr": ""
        },
        "schema_check": {
          "command": "python3 planningops/scripts/validate_project_field_schema.py --fail-on-mismatch",
          "rc": 0,
          "pass": true,
          "stdout": "schema-pass",
          "stderr": "",
          "violation_count": 0
        },
        "kpi_check": {
          "pass": true,
          "missing_only": false,
          "reasons": [],
          "metrics": {
            "loop_success_rate": 0.95,
            "replan_without_evidence": 0,
            "schema_drift_recovery_time_p95_hours": 8
          }
        }
      },
      "verdict": "pass",
      "reasons": []
    },
    {
      "run_id": "track1-gate-dryrun-2",
      "executed_at_utc": "2026-03-18T20:19:00.820391+00:00",
      "checks": {
        "docs_check": {
          "command": "bash docs/initiatives/unified-personal-agent-platform/00-governance/scripts/uap-docs.sh check --profile all",
          "rc": 0,
          "pass": true,
          "stdout": "docs-pass",
          "stderr": ""
        },
        "schema_check": {
          "command": "python3 planningops/scripts/validate_project_field_schema.py --fail-on-mismatch",
          "rc": 0,
          "pass": true,
          "stdout": "schema-pass",
          "stderr": "",
          "violation_count": 0
        },
        "kpi_check": {
          "pass": true,
          "missing_only": false,
          "reasons": [],
          "metrics": {
            "loop_success_rate": 0.95,
            "replan_without_evidence": 0,
            "schema_drift_recovery_time_p95_hours": 8
          }
        }
      },
      "verdict": "pass",
      "reasons": []
    }
  ],
  "reproducibility_match": true,
  "final_verdict": "pass",
  "kpi_source_path": "/var/folders/sd/d2r84lw564dbdjbkbggr7pnh0000gn/T/tmptr_7ir12/kpi-ci.json"
}
track1 gate dryrun contract tests ok
bootstrap two-track backlog contract tests ok
{
  "mode": "dry-run",
  "contract_file": "/var/folders/sd/d2r84lw564dbdjbkbggr7pnh0000gn/T/tmpz34zlgnp/contract.json",
  "validation_errors": [],
  "results": [
    {
      "plan_item_id": "early",
      "execution_order": 10,
      "issue_number": null,
      "issue_url": "https://github.com/rather-not-work-on/platform-planningops/issues/DRY-RUN-10",
      "created_issue": true,
      "dedup_match_state": null,
      "dedup_strategy": null,
      "reused_closed_issue": false,
      "reopened_closed_issue": false,
      "closed_match_detected": false,
      "closed_match_issue_number": null,
      "metadata_sync_required": false,
      "metadata_sync_action": "none",
      "field_updates": [
        "initiative(text)",
        "target_repo(text)",
        "execution_order(number)",
        "status(todo)",
        "component(planningops)",
        "workflow_state(ready_contract)",
        "loop_profile(l1_contract_clarification)",
        "plan_lane(m1_contract_freeze)"
      ]
    },
    {
      "plan_item_id": "late",
      "execution_order": 20,
      "issue_number": null,
      "issue_url": "https://github.com/rather-not-work-on/platform-planningops/issues/DRY-RUN-20",
      "created_issue": true,
      "dedup_match_state": null,
      "dedup_strategy": null,
      "reused_closed_issue": false,
      "reopened_closed_issue": false,
      "closed_match_detected": false,
      "closed_match_issue_number": null,
      "metadata_sync_required": false,
      "metadata_sync_action": "none",
      "field_updates": [
        "initiative(text)",
        "target_repo(text)",
        "execution_order(number)",
        "status(todo)",
        "component(planningops)",
        "workflow_state(ready_contract)",
        "loop_profile(l1_contract_clarification)",
        "plan_lane(m1_contract_freeze)"
      ]
    }
  ],
  "plan_id": "pec-main-order-test",
  "plan_revision": 2,
  "source_of_truth": "docs/workbench/unified-personal-agent-platform/plans/example.md",
  "items_total": 2,
  "issues_source": "github_api",
  "open_issues_scanned": 0,
  "closed_issues_scanned": 0,
  "verdict": "pass"
}
compile_plan_to_backlog contract tests ok
{
  "generated_at_utc": "2026-03-18T20:19:00.926633+00:00",
  "contract_file": "/var/folders/sd/d2r84lw564dbdjbkbggr7pnh0000gn/T/tmpfhopq6je/contract.json",
  "snapshot_file": "/var/folders/sd/d2r84lw564dbdjbkbggr7pnh0000gn/T/tmpfhopq6je/snapshot.json",
  "project": {
    "owner": "rather-not-work-on",
    "project_number": 2,
    "initiative": "unified-personal-agent-platform",
    "limit": 1000
  },
  "validation_errors": [],
  "plan_id": "projection-test",
  "plan_revision": 1,
  "source_of_truth": "docs/workbench/unified-personal-agent-platform/plans/2026-03-03-plan-auto-executable-plans-contract-and-runner-plan.md",
  "expected_items_total": 1,
  "project_items_limit_hit": false,
  "mode": "snapshot",
  "project_items_scanned": 1,
  "actual_items_total": 1,
  "duplicate_plan_item_id_count": 0,
  "duplicate_plan_item_ids": [],
  "relevant_duplicate_plan_item_id_count": 0,
  "relevant_duplicate_plan_item_ids": [],
  "missing_count": 0,
  "mismatch_count": 0,
  "unexpected_count": 0,
  "missing": [],
  "mismatches": [],
  "unexpected": [],
  "verdict": "pass",
  "reasons": []
}
{
  "generated_at_utc": "2026-03-18T20:19:00.927312+00:00",
  "contract_file": "/var/folders/sd/d2r84lw564dbdjbkbggr7pnh0000gn/T/tmpfhopq6je/contract.json",
  "snapshot_file": "/var/folders/sd/d2r84lw564dbdjbkbggr7pnh0000gn/T/tmpfhopq6je/snapshot.json",
  "project": {
    "owner": "rather-not-work-on",
    "project_number": 2,
    "initiative": "unified-personal-agent-platform",
    "limit": 1000
  },
  "validation_errors": [],
  "plan_id": "projection-test",
  "plan_revision": 1,
  "source_of_truth": "docs/workbench/unified-personal-agent-platform/plans/2026-03-03-plan-auto-executable-plans-contract-and-runner-plan.md",
  "expected_items_total": 1,
  "project_items_limit_hit": false,
  "mode": "snapshot",
  "project_items_scanned": 1,
  "actual_items_total": 1,
  "duplicate_plan_item_id_count": 0,
  "duplicate_plan_item_ids": [],
  "relevant_duplicate_plan_item_id_count": 0,
  "relevant_duplicate_plan_item_ids": [],
  "missing_count": 0,
  "mismatch_count": 2,
  "unexpected_count": 0,
  "missing": [],
  "mismatches": [
    {
      "plan_item_id": "sample-001",
      "issue_number": 9991,
      "field": "workflow_state",
      "expected": "ready_contract",
      "actual": "in_progress"
    },
    {
      "plan_item_id": "sample-001",
      "issue_number": 9991,
      "field": "status",
      "expected": "todo",
      "actual": "in_progress"
    }
  ],
  "unexpected": [],
  "verdict": "fail",
  "reasons": [
    "projection_field_mismatch"
  ]
}
{
  "generated_at_utc": "2026-03-18T20:19:00.927607+00:00",
  "contract_file": "/var/folders/sd/d2r84lw564dbdjbkbggr7pnh0000gn/T/tmpfhopq6je/contract.json",
  "snapshot_file": "/var/folders/sd/d2r84lw564dbdjbkbggr7pnh0000gn/T/tmpfhopq6je/snapshot.json",
  "project": {
    "owner": "rather-not-work-on",
    "project_number": 2,
    "initiative": "unified-personal-agent-platform",
    "limit": 1000
  },
  "validation_errors": [],
  "plan_id": "projection-test",
  "plan_revision": 1,
  "source_of_truth": "docs/workbench/unified-personal-agent-platform/plans/2026-03-03-plan-auto-executable-plans-contract-and-runner-plan.md",
  "expected_items_total": 1,
  "project_items_limit_hit": false,
  "mode": "snapshot",
  "project_items_scanned": 1,
  "actual_items_total": 1,
  "duplicate_plan_item_id_count": 0,
  "duplicate_plan_item_ids": [],
  "relevant_duplicate_plan_item_id_count": 0,
  "relevant_duplicate_plan_item_ids": [],
  "missing_count": 0,
  "mismatch_count": 1,
  "unexpected_count": 0,
  "missing": [],
  "mismatches": [
    {
      "plan_item_id": "sample-001",
      "issue_number": 9991,
      "field": "plan_lane",
      "expected": "m1_contract_freeze",
      "actual": "m2_sync_core"
    }
  ],
  "unexpected": [],
  "verdict": "fail",
  "reasons": [
    "projection_field_mismatch"
  ]
}
{
  "generated_at_utc": "2026-03-18T20:19:00.927895+00:00",
  "contract_file": "/var/folders/sd/d2r84lw564dbdjbkbggr7pnh0000gn/T/tmpfhopq6je/contract.json",
  "snapshot_file": "/var/folders/sd/d2r84lw564dbdjbkbggr7pnh0000gn/T/tmpfhopq6je/snapshot.json",
  "project": {
    "owner": "rather-not-work-on",
    "project_number": 2,
    "initiative": "unified-personal-agent-platform",
    "limit": 1000
  },
  "validation_errors": [],
  "plan_id": "projection-test",
  "plan_revision": 1,
  "source_of_truth": "docs/workbench/unified-personal-agent-platform/plans/2026-03-03-plan-auto-executable-plans-contract-and-runner-plan.md",
  "expected_items_total": 1,
  "project_items_limit_hit": false,
  "mode": "snapshot",
  "project_items_scanned": 0,
  "actual_items_total": 0,
  "duplicate_plan_item_id_count": 0,
  "duplicate_plan_item_ids": [],
  "relevant_duplicate_plan_item_id_count": 0,
  "relevant_duplicate_plan_item_ids": [],
  "missing_count": 1,
  "mismatch_count": 0,
  "unexpected_count": 0,
  "missing": [
    {
      "plan_item_id": "sample-001",
      "execution_order": 1,
      "expected_target_repo": "rather-not-work-on/platform-planningops"
    }
  ],
  "mismatches": [],
  "unexpected": [],
  "verdict": "fail",
  "reasons": [
    "projection_item_missing"
  ]
}
{
  "generated_at_utc": "2026-03-18T20:19:00.928181+00:00",
  "contract_file": "/var/folders/sd/d2r84lw564dbdjbkbggr7pnh0000gn/T/tmpfhopq6je/contract.json",
  "snapshot_file": "/var/folders/sd/d2r84lw564dbdjbkbggr7pnh0000gn/T/tmpfhopq6je/snapshot.json",
  "project": {
    "owner": "rather-not-work-on",
    "project_number": 2,
    "initiative": "unified-personal-agent-platform",
    "limit": 1000
  },
  "validation_errors": [],
  "plan_id": "projection-test",
  "plan_revision": 1,
  "source_of_truth": "docs/workbench/unified-personal-agent-platform/plans/2026-03-03-plan-auto-executable-plans-contract-and-runner-plan.md",
  "expected_items_total": 1,
  "project_items_limit_hit": false,
  "mode": "snapshot",
  "project_items_scanned": 1,
  "actual_items_total": 1,
  "duplicate_plan_item_id_count": 0,
  "duplicate_plan_item_ids": [],
  "relevant_duplicate_plan_item_id_count": 0,
  "relevant_duplicate_plan_item_ids": [],
  "missing_count": 0,
  "mismatch_count": 1,
  "unexpected_count": 0,
  "missing": [],
  "mismatches": [
    {
      "plan_item_id": "sample-001",
      "issue_number": 9991,
      "field": "blueprint_complete",
      "expected": true,
      "actual": false,
      "missing_refs": [
        "interface_contract_refs",
        "package_topology_ref",
        "dependency_manifest_ref",
        "file_plan_ref"
      ]
    }
  ],
  "unexpected": [],
  "verdict": "fail",
  "reasons": [
    "projection_field_mismatch"
  ]
}
{
  "generated_at_utc": "2026-03-18T20:19:00.928435+00:00",
  "contract_file": "/var/folders/sd/d2r84lw564dbdjbkbggr7pnh0000gn/T/tmpfhopq6je/contract.json",
  "snapshot_file": "/var/folders/sd/d2r84lw564dbdjbkbggr7pnh0000gn/T/tmpfhopq6je/snapshot.json",
  "project": {
    "owner": "rather-not-work-on",
    "project_number": 2,
    "initiative": "unified-personal-agent-platform",
    "limit": 1000
  },
  "validation_errors": [],
  "plan_id": "projection-test",
  "plan_revision": 1,
  "source_of_truth": "docs/workbench/unified-personal-agent-platform/plans/2026-03-03-plan-auto-executable-plans-contract-and-runner-plan.md",
  "expected_items_total": 1,
  "project_items_limit_hit": false,
  "mode": "snapshot",
  "project_items_scanned": 1,
  "actual_items_total": 1,
  "duplicate_plan_item_id_count": 0,
  "duplicate_plan_item_ids": [],
  "relevant_duplicate_plan_item_id_count": 0,
  "relevant_duplicate_plan_item_ids": [],
  "missing_count": 0,
  "mismatch_count": 0,
  "unexpected_count": 0,
  "missing": [],
  "mismatches": [],
  "unexpected": [],
  "verdict": "pass",
  "reasons": []
}
verify_plan_projection contract tests ok
planning_context contract tests ok
report written: /var/folders/sd/d2r84lw564dbdjbkbggr7pnh0000gn/T/tmp.DW9Z5VHLZn/archive-report.json
issue_ref=rather-not-work-on/platform-planningops#86 verdict=pass
report written: /var/folders/sd/d2r84lw564dbdjbkbggr7pnh0000gn/T/tmp.DW9Z5VHLZn/rehydrate-report.json
checksum_match=true verdict=pass
report written: /var/folders/sd/d2r84lw564dbdjbkbggr7pnh0000gn/T/tmp.DW9Z5VHLZn/audit-open-report.json
inventory_issues=1 violation_count=0 verdict=pass
report written: /var/folders/sd/d2r84lw564dbdjbkbggr7pnh0000gn/T/tmp.DW9Z5VHLZn/audit-archived-report.json
inventory_issues=1 violation_count=0 verdict=pass
inventory issue lifecycle contract test ok
report written: /Volumes/T7 Touch/mini/rather-not-work-on/platform-planningops/planningops/artifacts/validation/inventory-issue-lifecycle-report.json
inventory_issues=0 violation_count=0 verdict=pass
{
  "mode": "dry-run",
  "contract_file": "planningops/fixtures/plan-execution-contract-sample.json",
  "validation_errors": [],
  "results": [
    {
      "plan_item_id": "sample-001",
      "execution_order": 1,
      "issue_number": null,
      "issue_url": "https://github.com/rather-not-work-on/platform-planningops/issues/DRY-RUN-1",
      "created_issue": true,
      "dedup_match_state": null,
      "dedup_strategy": null,
      "reused_closed_issue": false,
      "reopened_closed_issue": false,
      "closed_match_detected": false,
      "closed_match_issue_number": null,
      "metadata_sync_required": false,
      "metadata_sync_action": "none",
      "field_updates": [
        "initiative(text)",
        "target_repo(text)",
        "execution_order(number)",
        "status(todo)",
        "component(planningops)",
        "workflow_state(ready_contract)",
        "loop_profile(l1_contract_clarification)",
        "plan_lane(m1_contract_freeze)"
      ]
    }
  ],
  "plan_id": "sample-pec-plan",
  "plan_revision": 1,
  "source_of_truth": "docs/workbench/unified-personal-agent-platform/plans/2026-03-03-plan-auto-executable-plans-contract-and-runner-plan.md",
  "items_total": 1,
  "issues_source": "github_api",
  "open_issues_scanned": 3,
  "closed_issues_scanned": 0,
  "verdict": "pass"
}
{
  "generated_at_utc": "2026-03-18T20:19:03.671856+00:00",
  "contract_file": "planningops/fixtures/plan-execution-contract-sample.json",
  "snapshot_file": "planningops/fixtures/plan-projection-snapshot-sample.json",
  "project": {
    "owner": "rather-not-work-on",
    "project_number": 2,
    "initiative": "unified-personal-agent-platform",
    "limit": 1000
  },
  "validation_errors": [],
  "plan_id": "sample-pec-plan",
  "plan_revision": 1,
  "source_of_truth": "docs/workbench/unified-personal-agent-platform/plans/2026-03-03-plan-auto-executable-plans-contract-and-runner-plan.md",
  "expected_items_total": 1,
  "project_items_limit_hit": false,
  "mode": "snapshot",
  "project_items_scanned": 1,
  "actual_items_total": 1,
  "duplicate_plan_item_id_count": 0,
  "duplicate_plan_item_ids": [],
  "relevant_duplicate_plan_item_id_count": 0,
  "relevant_duplicate_plan_item_ids": [],
  "missing_count": 0,
  "mismatch_count": 0,
  "unexpected_count": 0,
  "missing": [],
  "mismatches": [],
  "unexpected": [],
  "verdict": "pass",
  "reasons": []
}
{
  "generated_at_utc": "2026-03-18T20:19:03.709712+00:00",
  "runtime_profile_file": "planningops/config/runtime-profiles.json",
  "schema_file": "planningops/schemas/runtime-profiles.schema.json",
  "validation_errors": [],
  "warnings": [],
  "active_profile": "local",
  "profile_names": [
    "local",
    "oracle_cloud"
  ],
  "task_override_keys": [
    "default",
    "issue-18",
    "issue-19"
  ],
  "verdict": "pass",
  "reason": "ok"
}
meta-plan graph schema contract tests ok
{
  "generated_at_utc": "2026-03-18T20:19:03.768942+00:00",
  "contract_file": "/var/folders/sd/d2r84lw564dbdjbkbggr7pnh0000gn/T/tmp4yrz7phg/meta-contract.json",
  "schema_file": "planningops/schemas/meta-plan-graph.schema.json",
  "validation_errors": [],
  "meta_plan_id": "uap-meta-20260303",
  "graph_revision": 1,
  "source_of_truth": "docs/workbench/unified-personal-agent-platform/plans/2026-03-03-plan-meta-plan-orchestration-and-governance-plan.md",
  "initiative": "unified-personal-agent-platform",
  "node_count": 2,
  "edge_count": 1,
  "ready_set_count": 1,
  "ready_set": [
    "pec-track"
  ],
  "blocked_nodes": [
    {
      "node_id": "meta-track",
      "reason": "status=draft"
    }
  ],
  "meta_plan_graph": {
    "meta_plan_id": "uap-meta-20260303",
    "graph_revision": 1,
    "source_of_truth": "docs/workbench/unified-personal-agent-platform/plans/2026-03-03-plan-meta-plan-orchestration-and-governance-plan.md",
    "initiative": "unified-personal-agent-platform",
    "nodes": [
      {
        "node_id": "pec-track",
        "plan_path": "docs/workbench/unified-personal-agent-platform/plans/2026-03-03-plan-auto-executable-plans-contract-and-runner-plan.md",
        "execution_order": 1,
        "target_repo": "rather-not-work-on/platform-planningops",
        "component": "planningops",
        "workflow_state": "ready_implementation",
        "loop_profile": "l3_implementation_tdd",
        "status": "ready",
        "last_verdict": "unknown",
        "last_reason": "not_executed"
      },
      {
        "node_id": "meta-track",
        "plan_path": "docs/workbench/unified-personal-agent-platform/plans/2026-03-03-plan-meta-plan-orchestration-and-governance-plan.md",
        "execution_order": 2,
        "target_repo": "rather-not-work-on/platform-planningops",
        "component": "orchestrator",
        "workflow_state": "ready_contract",
        "loop_profile": "l1_contract_clarification",
        "status": "draft",
        "last_verdict": "unknown",
        "last_reason": "waiting_for_dependency"
      }
    ],
    "edges": [
      {
        "from": "pec-track",
        "to": "meta-track",
        "type": "depends_on"
      }
    ],
    "policy": {
      "wip_limit": 2,
      "strict_dependency_gate": true,
      "strict_projection_gate": true
    }
  },
  "verdict": "pass",
  "reasons": []
}
{
  "generated_at_utc": "2026-03-18T20:19:03.769494+00:00",
  "contract_file": "/var/folders/sd/d2r84lw564dbdjbkbggr7pnh0000gn/T/tmp4yrz7phg/meta-contract.json",
  "schema_file": "planningops/schemas/meta-plan-graph.schema.json",
  "validation_errors": [],
  "verdict": "fail",
  "reasons": [
    "meta_graph_cycle_detected"
  ],
  "meta_plan_graph": {
    "meta_plan_id": "uap-meta-20260303",
    "graph_revision": 1,
    "source_of_truth": "docs/workbench/unified-personal-agent-platform/plans/2026-03-03-plan-meta-plan-orchestration-and-governance-plan.md",
    "initiative": "unified-personal-agent-platform",
    "nodes": [
      {
        "node_id": "pec-track",
        "plan_path": "docs/workbench/unified-personal-agent-platform/plans/2026-03-03-plan-auto-executable-plans-contract-and-runner-plan.md",
        "execution_order": 1,
        "target_repo": "rather-not-work-on/platform-planningops",
        "component": "planningops",
        "workflow_state": "ready_implementation",
        "loop_profile": "l3_implementation_tdd",
        "status": "ready",
        "last_verdict": "unknown",
        "last_reason": "not_executed"
      },
      {
        "node_id": "meta-track",
        "plan_path": "docs/workbench/unified-personal-agent-platform/plans/2026-03-03-plan-meta-plan-orchestration-and-governance-plan.md",
        "execution_order": 2,
        "target_repo": "rather-not-work-on/platform-planningops",
        "component": "orchestrator",
        "workflow_state": "ready_contract",
        "loop_profile": "l1_contract_clarification",
        "status": "draft",
        "last_verdict": "unknown",
        "last_reason": "waiting_for_dependency"
      }
    ],
    "edges": [
      {
        "from": "meta-track",
        "to": "pec-track",
        "type": "depends_on"
      },
      {
        "from": "pec-track",
        "to": "meta-track",
        "type": "depends_on"
      }
    ],
    "policy": {
      "wip_limit": 2,
      "strict_dependency_gate": true,
      "strict_projection_gate": true
    }
  }
}
{
  "generated_at_utc": "2026-03-18T20:19:03.769827+00:00",
  "contract_file": "/var/folders/sd/d2r84lw564dbdjbkbggr7pnh0000gn/T/tmp4yrz7phg/meta-contract.json",
  "schema_file": "planningops/schemas/meta-plan-graph.schema.json",
  "validation_errors": [
    "schema: $.meta_plan_graph.nodes[0].target_repo does not match pattern"
  ],
  "verdict": "fail",
  "reasons": [
    "meta_graph_contract_invalid"
  ]
}
build_meta_plan_graph contract tests ok
{
  "generated_at_utc": "2026-03-18T20:19:03.807494+00:00",
  "mode": "dry-run",
  "meta_graph_contract": "/var/folders/sd/d2r84lw564dbdjbkbggr7pnh0000gn/T/tmpb93mgnhg/meta-contract.json",
  "schema_file": "planningops/schemas/meta-plan-graph.schema.json",
  "meta_graph_output": "/var/folders/sd/d2r84lw564dbdjbkbggr7pnh0000gn/T/tmpb93mgnhg/meta-graph.json",
  "validation_errors": [],
  "meta_plan_id": "uap-meta-20260303",
  "graph_revision": 1,
  "initiative": "unified-personal-agent-platform",
  "node_count": 2,
  "edge_count": 1,
  "ready_set_count": 1,
  "ready_set": [
    "pec-track"
  ],
  "selected_node_ids": [
    "pec-track"
  ],
  "skipped_ready_node_ids": [],
  "blocked_nodes": [
    {
      "node_id": "meta-track",
      "reason": "status=draft"
    }
  ],
  "execution_rows": [
    {
      "node_id": "pec-track",
      "execution_order": 1,
      "component": "planningops",
      "status_before": "ready",
      "pipeline_command_count": 3,
      "command_results": [
        {
          "command": "bash planningops/scripts/test_meta_plan_graph_schema_contract.sh",
          "rc": null,
          "verdict": "simulated",
          "stdout": "",
          "stderr": ""
        },
        {
          "command": "python3 planningops/scripts/compile_plan_to_backlog.py --contract-file planningops/fixtures/plan-execution-contract-sample.json --output planningops/artifacts/validation/plan-compile-report.json",
          "rc": null,
          "verdict": "simulated",
          "stdout": "",
          "stderr": ""
        },
        {
          "command": "python3 planningops/scripts/verify_plan_projection.py --contract-file planningops/fixtures/plan-execution-contract-sample.json --snapshot-file planningops/fixtures/plan-projection-snapshot-sample.json --strict --output planningops/artifacts/validation/plan-projection-report.json",
          "rc": null,
          "verdict": "simulated",
          "stdout": "",
          "stderr": ""
        }
      ],
      "node_verdict": "simulated",
      "reason": "dry_run_pipeline_not_executed"
    }
  ],
  "failure_count": 0,
  "meta_plan_graph": {
    "meta_plan_id": "uap-meta-20260303",
    "graph_revision": 1,
    "source_of_truth": "docs/workbench/unified-personal-agent-platform/plans/2026-03-03-plan-meta-plan-orchestration-and-governance-plan.md",
    "initiative": "unified-personal-agent-platform",
    "nodes": [
      {
        "node_id": "pec-track",
        "plan_path": "docs/workbench/unified-personal-agent-platform/plans/2026-03-03-plan-auto-executable-plans-contract-and-runner-plan.md",
        "execution_order": 1,
        "target_repo": "rather-not-work-on/platform-planningops",
        "component": "planningops",
        "workflow_state": "ready_implementation",
        "loop_profile": "l3_implementation_tdd",
        "status": "ready",
        "last_verdict": "unknown",
        "last_reason": "not_executed"
      },
      {
        "node_id": "meta-track",
        "plan_path": "docs/workbench/unified-personal-agent-platform/plans/2026-03-03-plan-meta-plan-orchestration-and-governance-plan.md",
        "execution_order": 2,
        "target_repo": "rather-not-work-on/platform-planningops",
        "component": "orchestrator",
        "workflow_state": "ready_contract",
        "loop_profile": "l1_contract_clarification",
        "status": "draft",
        "last_verdict": "unknown",
        "last_reason": "waiting_for_dependency"
      }
    ],
    "edges": [
      {
        "from": "pec-track",
        "to": "meta-track",
        "type": "depends_on"
      }
    ],
    "policy": {
      "wip_limit": 2,
      "strict_dependency_gate": true,
      "strict_projection_gate": true
    }
  },
  "verdict": "pass",
  "reasons": [
    "dry_run_only"
  ]
}
{
  "generated_at_utc": "2026-03-18T20:19:03.808143+00:00",
  "mode": "apply",
  "meta_graph_contract": "/var/folders/sd/d2r84lw564dbdjbkbggr7pnh0000gn/T/tmpb93mgnhg/meta-contract.json",
  "schema_file": "planningops/schemas/meta-plan-graph.schema.json",
  "meta_graph_output": "/var/folders/sd/d2r84lw564dbdjbkbggr7pnh0000gn/T/tmpb93mgnhg/meta-graph.json",
  "validation_errors": [],
  "meta_plan_id": "uap-meta-20260303",
  "graph_revision": 1,
  "initiative": "unified-personal-agent-platform",
  "node_count": 2,
  "edge_count": 1,
  "ready_set_count": 1,
  "ready_set": [
    "pec-track"
  ],
  "selected_node_ids": [
    "pec-track"
  ],
  "skipped_ready_node_ids": [],
  "blocked_nodes": [
    {
      "node_id": "meta-track",
      "reason": "status=draft"
    }
  ],
  "execution_rows": [
    {
      "node_id": "pec-track",
      "execution_order": 1,
      "component": "planningops",
      "status_before": "ready",
      "pipeline_command_count": 3,
      "command_results": [
        {
          "command": "bash planningops/scripts/test_meta_plan_graph_schema_contract.sh",
          "rc": 0,
          "verdict": "pass",
          "stdout": "ok",
          "stderr": ""
        },
        {
          "command": "python3 planningops/scripts/compile_plan_to_backlog.py --contract-file planningops/fixtures/plan-execution-contract-sample.json --output planningops/artifacts/validation/plan-compile-report.json",
          "rc": 0,
          "verdict": "pass",
          "stdout": "ok",
          "stderr": ""
        },
        {
          "command": "python3 planningops/scripts/verify_plan_projection.py --contract-file planningops/fixtures/plan-execution-contract-sample.json --snapshot-file planningops/fixtures/plan-projection-snapshot-sample.json --strict --output planningops/artifacts/validation/plan-projection-report.json",
          "rc": 0,
          "verdict": "pass",
          "stdout": "ok",
          "stderr": ""
        }
      ],
      "node_verdict": "pass",
      "reason": "pipeline_pass"
    }
  ],
  "failure_count": 0,
  "meta_plan_graph": {
    "meta_plan_id": "uap-meta-20260303",
    "graph_revision": 1,
    "source_of_truth": "docs/workbench/unified-personal-agent-platform/plans/2026-03-03-plan-meta-plan-orchestration-and-governance-plan.md",
    "initiative": "unified-personal-agent-platform",
    "nodes": [
      {
        "node_id": "pec-track",
        "plan_path": "docs/workbench/unified-personal-agent-platform/plans/2026-03-03-plan-auto-executable-plans-contract-and-runner-plan.md",
        "execution_order": 1,
        "target_repo": "rather-not-work-on/platform-planningops",
        "component": "planningops",
        "workflow_state": "ready_implementation",
        "loop_profile": "l3_implementation_tdd",
        "status": "ready",
        "last_verdict": "unknown",
        "last_reason": "not_executed"
      },
      {
        "node_id": "meta-track",
        "plan_path": "docs/workbench/unified-personal-agent-platform/plans/2026-03-03-plan-meta-plan-orchestration-and-governance-plan.md",
        "execution_order": 2,
        "target_repo": "rather-not-work-on/platform-planningops",
        "component": "orchestrator",
        "workflow_state": "ready_contract",
        "loop_profile": "l1_contract_clarification",
        "status": "draft",
        "last_verdict": "unknown",
        "last_reason": "waiting_for_dependency"
      }
    ],
    "edges": [
      {
        "from": "pec-track",
        "to": "meta-track",
        "type": "depends_on"
      }
    ],
    "policy": {
      "wip_limit": 2,
      "strict_dependency_gate": true,
      "strict_projection_gate": true
    }
  },
  "verdict": "pass",
  "reasons": []
}
{
  "generated_at_utc": "2026-03-18T20:19:03.808498+00:00",
  "mode": "apply",
  "meta_graph_contract": "/var/folders/sd/d2r84lw564dbdjbkbggr7pnh0000gn/T/tmpb93mgnhg/meta-contract.json",
  "schema_file": "planningops/schemas/meta-plan-graph.schema.json",
  "meta_graph_output": "/var/folders/sd/d2r84lw564dbdjbkbggr7pnh0000gn/T/tmpb93mgnhg/meta-graph.json",
  "validation_errors": [],
  "meta_plan_id": "uap-meta-20260303",
  "graph_revision": 1,
  "initiative": "unified-personal-agent-platform",
  "node_count": 2,
  "edge_count": 1,
  "ready_set_count": 1,
  "ready_set": [
    "pec-track"
  ],
  "selected_node_ids": [
    "pec-track"
  ],
  "skipped_ready_node_ids": [],
  "blocked_nodes": [
    {
      "node_id": "meta-track",
      "reason": "status=draft"
    }
  ],
  "execution_rows": [
    {
      "node_id": "pec-track",
      "execution_order": 1,
      "component": "planningops",
      "status_before": "ready",
      "pipeline_command_count": 3,
      "command_results": [
        {
          "command": "bash planningops/scripts/test_meta_plan_graph_schema_contract.sh",
          "rc": 0,
          "verdict": "pass",
          "stdout": "ok",
          "stderr": ""
        },
        {
          "command": "python3 planningops/scripts/compile_plan_to_backlog.py --contract-file planningops/fixtures/plan-execution-contract-sample.json --output planningops/artifacts/validation/plan-compile-report.json",
          "rc": 1,
          "verdict": "fail",
          "stdout": "",
          "stderr": "simulated failure"
        }
      ],
      "node_verdict": "fail",
      "reason": "pipeline_command_failed"
    }
  ],
  "failure_count": 1,
  "meta_plan_graph": {
    "meta_plan_id": "uap-meta-20260303",
    "graph_revision": 1,
    "source_of_truth": "docs/workbench/unified-personal-agent-platform/plans/2026-03-03-plan-meta-plan-orchestration-and-governance-plan.md",
    "initiative": "unified-personal-agent-platform",
    "nodes": [
      {
        "node_id": "pec-track",
        "plan_path": "docs/workbench/unified-personal-agent-platform/plans/2026-03-03-plan-auto-executable-plans-contract-and-runner-plan.md",
        "execution_order": 1,
        "target_repo": "rather-not-work-on/platform-planningops",
        "component": "planningops",
        "workflow_state": "ready_implementation",
        "loop_profile": "l3_implementation_tdd",
        "status": "ready",
        "last_verdict": "unknown",
        "last_reason": "not_executed"
      },
      {
        "node_id": "meta-track",
        "plan_path": "docs/workbench/unified-personal-agent-platform/plans/2026-03-03-plan-meta-plan-orchestration-and-governance-plan.md",
        "execution_order": 2,
        "target_repo": "rather-not-work-on/platform-planningops",
        "component": "orchestrator",
        "workflow_state": "ready_contract",
        "loop_profile": "l1_contract_clarification",
        "status": "draft",
        "last_verdict": "unknown",
        "last_reason": "waiting_for_dependency"
      }
    ],
    "edges": [
      {
        "from": "pec-track",
        "to": "meta-track",
        "type": "depends_on"
      }
    ],
    "policy": {
      "wip_limit": 2,
      "strict_dependency_gate": true,
      "strict_projection_gate": true
    }
  },
  "verdict": "fail",
  "reasons": [
    "node_pipeline_failure"
  ]
}
{
  "generated_at_utc": "2026-03-18T20:19:03.808902+00:00",
  "mode": "apply",
  "meta_graph_contract": "/var/folders/sd/d2r84lw564dbdjbkbggr7pnh0000gn/T/tmpb93mgnhg/meta-contract.json",
  "schema_file": "planningops/schemas/meta-plan-graph.schema.json",
  "meta_graph_output": "/var/folders/sd/d2r84lw564dbdjbkbggr7pnh0000gn/T/tmpb93mgnhg/meta-graph.json",
  "validation_errors": [],
  "verdict": "fail",
  "reasons": [
    "meta_graph_cycle_detected"
  ],
  "meta_plan_graph": {
    "meta_plan_id": "uap-meta-20260303",
    "graph_revision": 1,
    "source_of_truth": "docs/workbench/unified-personal-agent-platform/plans/2026-03-03-plan-meta-plan-orchestration-and-governance-plan.md",
    "initiative": "unified-personal-agent-platform",
    "nodes": [
      {
        "node_id": "pec-track",
        "plan_path": "docs/workbench/unified-personal-agent-platform/plans/2026-03-03-plan-auto-executable-plans-contract-and-runner-plan.md",
        "execution_order": 1,
        "target_repo": "rather-not-work-on/platform-planningops",
        "component": "planningops",
        "workflow_state": "ready_implementation",
        "loop_profile": "l3_implementation_tdd",
        "status": "ready",
        "last_verdict": "unknown",
        "last_reason": "not_executed"
      },
      {
        "node_id": "meta-track",
        "plan_path": "docs/workbench/unified-personal-agent-platform/plans/2026-03-03-plan-meta-plan-orchestration-and-governance-plan.md",
        "execution_order": 2,
        "target_repo": "rather-not-work-on/platform-planningops",
        "component": "orchestrator",
        "workflow_state": "ready_contract",
        "loop_profile": "l1_contract_clarification",
        "status": "draft",
        "last_verdict": "unknown",
        "last_reason": "waiting_for_dependency"
      }
    ],
    "edges": [
      {
        "from": "meta-track",
        "to": "pec-track",
        "type": "depends_on"
      },
      {
        "from": "pec-track",
        "to": "meta-track",
        "type": "depends_on"
      }
    ],
    "policy": {
      "wip_limit": 2,
      "strict_dependency_gate": true,
      "strict_projection_gate": true
    }
  }
}
{
  "generated_at_utc": "2026-03-18T20:19:03.809245+00:00",
  "mode": "apply",
  "meta_graph_contract": "/var/folders/sd/d2r84lw564dbdjbkbggr7pnh0000gn/T/tmpb93mgnhg/meta-contract.json",
  "schema_file": "planningops/schemas/meta-plan-graph.schema.json",
  "meta_graph_output": "/var/folders/sd/d2r84lw564dbdjbkbggr7pnh0000gn/T/tmpb93mgnhg/meta-graph.json",
  "validation_errors": [
    "schema: $.meta_plan_graph.nodes[0].component invalid enum value: invalid_component"
  ],
  "verdict": "fail",
  "reasons": [
    "meta_graph_contract_invalid"
  ]
}
meta_plan_orchestrator contract tests ok
{
  "generated_at_utc": "2026-03-18T20:19:03.840954+00:00",
  "contract_file": "planningops/fixtures/meta-plan-graph-sample.json",
  "schema_file": "planningops/schemas/meta-plan-graph.schema.json",
  "validation_errors": [],
  "meta_plan_id": "uap-meta-20260303",
  "graph_revision": 1,
  "source_of_truth": "docs/workbench/unified-personal-agent-platform/plans/2026-03-03-plan-meta-plan-orchestration-and-governance-plan.md",
  "initiative": "unified-personal-agent-platform",
  "node_count": 2,
  "edge_count": 1,
  "ready_set_count": 1,
  "ready_set": [
    "pec-track"
  ],
  "blocked_nodes": [
    {
      "node_id": "meta-track",
      "reason": "status=draft"
    }
  ],
  "meta_plan_graph": {
    "meta_plan_id": "uap-meta-20260303",
    "graph_revision": 1,
    "source_of_truth": "docs/workbench/unified-personal-agent-platform/plans/2026-03-03-plan-meta-plan-orchestration-and-governance-plan.md",
    "initiative": "unified-personal-agent-platform",
    "nodes": [
      {
        "node_id": "pec-track",
        "plan_path": "docs/workbench/unified-personal-agent-platform/plans/2026-03-03-plan-auto-executable-plans-contract-and-runner-plan.md",
        "execution_order": 1,
        "target_repo": "rather-not-work-on/platform-planningops",
        "component": "planningops",
        "workflow_state": "ready_implementation",
        "loop_profile": "l3_implementation_tdd",
        "status": "ready",
        "last_verdict": "unknown",
        "last_reason": "not_executed"
      },
      {
        "node_id": "meta-track",
        "plan_path": "docs/workbench/unified-personal-agent-platform/plans/2026-03-03-plan-meta-plan-orchestration-and-governance-plan.md",
        "execution_order": 2,
        "target_repo": "rather-not-work-on/platform-planningops",
        "component": "orchestrator",
        "workflow_state": "ready_contract",
        "loop_profile": "l1_contract_clarification",
        "status": "draft",
        "last_verdict": "unknown",
        "last_reason": "waiting_for_dependency"
      }
    ],
    "edges": [
      {
        "from": "pec-track",
        "to": "meta-track",
        "type": "depends_on"
      }
    ],
    "policy": {
      "wip_limit": 2,
      "strict_dependency_gate": true,
      "strict_projection_gate": true
    }
  },
  "verdict": "pass",
  "reasons": []
}
{
  "generated_at_utc": "2026-03-18T20:19:03.874076+00:00",
  "mode": "dry-run",
  "meta_graph_contract": "planningops/fixtures/meta-plan-graph-sample.json",
  "schema_file": "planningops/schemas/meta-plan-graph.schema.json",
  "meta_graph_output": "planningops/artifacts/meta-plan/meta-graph.json",
  "validation_errors": [],
  "meta_plan_id": "uap-meta-20260303",
  "graph_revision": 1,
  "initiative": "unified-personal-agent-platform",
  "node_count": 2,
  "edge_count": 1,
  "ready_set_count": 1,
  "ready_set": [
    "pec-track"
  ],
  "selected_node_ids": [
    "pec-track"
  ],
  "skipped_ready_node_ids": [],
  "blocked_nodes": [
    {
      "node_id": "meta-track",
      "reason": "status=draft"
    }
  ],
  "execution_rows": [
    {
      "node_id": "pec-track",
      "execution_order": 1,
      "component": "planningops",
      "status_before": "ready",
      "pipeline_command_count": 3,
      "command_results": [
        {
          "command": "bash planningops/scripts/test_meta_plan_graph_schema_contract.sh",
          "rc": null,
          "verdict": "simulated",
          "stdout": "",
          "stderr": ""
        },
        {
          "command": "python3 planningops/scripts/compile_plan_to_backlog.py --contract-file planningops/fixtures/plan-execution-contract-sample.json --output planningops/artifacts/validation/plan-compile-report.json",
          "rc": null,
          "verdict": "simulated",
          "stdout": "",
          "stderr": ""
        },
        {
          "command": "python3 planningops/scripts/verify_plan_projection.py --contract-file planningops/fixtures/plan-execution-contract-sample.json --snapshot-file planningops/fixtures/plan-projection-snapshot-sample.json --strict --output planningops/artifacts/validation/plan-projection-report.json",
          "rc": null,
          "verdict": "simulated",
          "stdout": "",
          "stderr": ""
        }
      ],
      "node_verdict": "simulated",
      "reason": "dry_run_pipeline_not_executed"
    }
  ],
  "failure_count": 0,
  "meta_plan_graph": {
    "meta_plan_id": "uap-meta-20260303",
    "graph_revision": 1,
    "source_of_truth": "docs/workbench/unified-personal-agent-platform/plans/2026-03-03-plan-meta-plan-orchestration-and-governance-plan.md",
    "initiative": "unified-personal-agent-platform",
    "nodes": [
      {
        "node_id": "pec-track",
        "plan_path": "docs/workbench/unified-personal-agent-platform/plans/2026-03-03-plan-auto-executable-plans-contract-and-runner-plan.md",
        "execution_order": 1,
        "target_repo": "rather-not-work-on/platform-planningops",
        "component": "planningops",
        "workflow_state": "ready_implementation",
        "loop_profile": "l3_implementation_tdd",
        "status": "ready",
        "last_verdict": "unknown",
        "last_reason": "not_executed"
      },
      {
        "node_id": "meta-track",
        "plan_path": "docs/workbench/unified-personal-agent-platform/plans/2026-03-03-plan-meta-plan-orchestration-and-governance-plan.md",
        "execution_order": 2,
        "target_repo": "rather-not-work-on/platform-planningops",
        "component": "orchestrator",
        "workflow_state": "ready_contract",
        "loop_profile": "l1_contract_clarification",
        "status": "draft",
        "last_verdict": "unknown",
        "last_reason": "waiting_for_dependency"
      }
    ],
    "edges": [
      {
        "from": "pec-track",
        "to": "meta-track",
        "type": "depends_on"
      }
    ],
    "policy": {
      "wip_limit": 2,
      "strict_dependency_gate": true,
      "strict_projection_gate": true
    }
  },
  "verdict": "pass",
  "reasons": [
    "dry_run_only"
  ]
}
validate_project_field_schema loop-profile matrix contract ok
module README contract ok
report written: planningops/artifacts/validation/repo-boundary-report.test.json
violation_count=0 verdict=pass
repo boundary contract ok
report written: planningops/artifacts/validation/script-role-report.test.json
violation_count=0 verdict=pass
script role contract ok
report written: planningops/artifacts/validation/issue-quality-valid.test.json
issues_in_scope=1 violation_count=0 verdict=pass
report written: planningops/artifacts/validation/issue-quality-invalid.test.json
issues_in_scope=1 violation_count=1 verdict=fail
issue quality contract test ok
report written: planningops/artifacts/validation/issue-quality-report.json
issues_in_scope=3 violation_count=0 verdict=pass
normalize_ready_implementation_blueprint_refs contract ok
issue_loop_runner multi-repo intake trace ok
ralph_loop_local worker policy contract smoke ok
{
  "generated_at_utc": "2026-03-18T20:19:04.949870+00:00",
  "runtime_profile_file": "/var/folders/sd/d2r84lw564dbdjbkbggr7pnh0000gn/T/tmpn64h23c0/runtime-profiles.json",
  "schema_file": "planningops/schemas/worker-task-pack.schema.json",
  "task_key": "issue-7",
  "issue_number": 7,
  "mode": "dry-run",
  "loop_profile": "L3 Implementation-TDD",
  "target_repo": "rather-not-work-on/platform-planningops",
  "validation_errors": [],
  "worker_task_pack": {
    "version": "v1",
    "task_key": "issue-7",
    "issue_number": 7,
    "mode": "dry-run",
    "loop_profile": "L3 Implementation-TDD",
    "runtime_profile": "local",
    "worker_policy_kind": "python_script",
    "command": [
      "python3",
      "planningops/scripts/parser_diff_dry_run.py",
      "--run-id",
      "worker-pack-issue-7",
      "--mode",
      "dry-run"
    ],
    "retry_policy": {
      "max_retries": 2
    },
    "timeout_ms": 45000,
    "idempotency_key": "5c45544db59faa00356f0b795aa76ddd6d2dc1269fa3921d32cb49261785063a",
    "target_repo": "rather-not-work-on/platform-planningops",
    "metadata": {
      "profile_file": "/var/folders/sd/d2r84lw564dbdjbkbggr7pnh0000gn/T/tmpn64h23c0/runtime-profiles.json",
      "task_key": "issue-7"
    }
  },
  "verdict": "pass",
  "reason": "ok"
}
{
  "generated_at_utc": "2026-03-18T20:19:04.950796+00:00",
  "runtime_profile_file": "/var/folders/sd/d2r84lw564dbdjbkbggr7pnh0000gn/T/tmpn64h23c0/runtime-profiles.json",
  "schema_file": "planningops/schemas/worker-task-pack.schema.json",
  "task_key": "issue-7",
  "issue_number": 7,
  "mode": "apply",
  "loop_profile": "L3 Implementation-TDD",
  "target_repo": "rather-not-work-on/platform-planningops",
  "validation_errors": [
    "unknown worker policy kind: unknown_kind"
  ],
  "verdict": "fail",
  "reason": "worker_policy_render_failed"
}
validate_worker_task_pack contract smoke ok
{
  "generated_at_utc": "2026-03-18T20:19:04.985288+00:00",
  "runtime_profile_file": "/var/folders/sd/d2r84lw564dbdjbkbggr7pnh0000gn/T/tmpa2ticl4n/runtime-profiles.json",
  "schema_file": "planningops/schemas/runtime-profiles.schema.json",
  "validation_errors": [],
  "warnings": [],
  "active_profile": "local",
  "profile_names": [
    "local"
  ],
  "task_override_keys": [
    "default"
  ],
  "verdict": "pass",
  "reason": "ok"
}
{
  "generated_at_utc": "2026-03-18T20:19:04.985872+00:00",
  "runtime_profile_file": "/var/folders/sd/d2r84lw564dbdjbkbggr7pnh0000gn/T/tmpa2ticl4n/runtime-profiles.json",
  "schema_file": "planningops/schemas/runtime-profiles.schema.json",
  "validation_errors": [
    "schema: $.profiles.local unexpected key: nanoclaw_endpoint",
    "schema: $.profiles.local.planner_policy.engine_hint minLength violation",
    "schema: $.task_overrides.default.worker_policy.kind invalid enum value: unknown",
    "active_profile 'missing' is not defined in profiles",
    "profile 'local' planner_policy.engine_hint must be a non-empty string",
    "task_overrides.default.runtime_profile 'missing' is not defined",
    "task_overrides.default.worker_policy.kind must be parser_diff_dry_run, python_script, or shell"
  ],
  "warnings": [],
  "active_profile": "missing",
  "profile_names": [
    "local"
  ],
  "task_override_keys": [
    "default"
  ],
  "verdict": "fail",
  "reason": "runtime_profiles_invalid"
}
validate_runtime_profiles contract ok
report written: /var/folders/sd/d2r84lw564dbdjbkbggr7pnh0000gn/T/tmp.ItsvFDDS1y/issue-driven-mission-smoke.json
verdict=pass reason_code=issue_mission_smoke_ok
issue-driven mission smoke contract ok
report written: /var/folders/sd/d2r84lw564dbdjbkbggr7pnh0000gn/T/tmp.b6f9q6nOvJ/issue-driven-runtime-stack-smoke.json
verdict=pass failure_count=0
issue-driven runtime stack smoke contract ok
report written: /var/folders/sd/d2r84lw564dbdjbkbggr7pnh0000gn/T/tmp.5i270E5zi1/local-runtime-stack-smoke.json
verdict=pass failure_count=0
local runtime stack smoke contract ok
report written: /var/folders/sd/d2r84lw564dbdjbkbggr7pnh0000gn/T/tmp.qh73iC2kzt/wave14-oracle-rehearsal.json
verdict=pass portability_gap_count=0
wave14 oracle rehearsal contract ok
loop checkpoint resume contract smoke ok
lease lock watchdog contract smoke ok
escalation gate contract smoke ok
