federated summary readiness validation failed: ['canonical latest readiness must reference latest summary path: planningops/artifacts/ci/federated-ci-summary.json', 'canonical latest readiness must reference latest summary validation path: planningops/artifacts/validation/federated-ci-summary-validation.json']
bash: line 36: Requirement already satisfied: pip in ./planningops/runtime-artifacts/tooling/federated-conformance/py39/lib/python3.9/site-packages (21.2.4)
Collecting pip
  Downloading pip-26.0.1-py3-none-any.whl (1.8 MB)
Installing collected packages: pip
  Attempting uninstall: pip
    Found existing installation: pip 21.2.4
    Uninstalling pip-21.2.4:
      Successfully uninstalled pip-21.2.4
Successfully installed pip-26.0.1
Collecting jsonschema==4.23.0 (from -r /Volumes/T7 Touch/mini/rather-not-work-on/platform-contracts/requirements-dev.txt (line 1))
  Using cached jsonschema-4.23.0-py3-none-any.whl.metadata (7.9 kB)
Collecting rfc3339-validator==0.1.4 (from -r /Volumes/T7 Touch/mini/rather-not-work-on/platform-contracts/requirements-dev.txt (line 2))
  Using cached rfc3339_validator-0.1.4-py2.py3-none-any.whl.metadata (1.5 kB)
Collecting attrs>=22.2.0 (from jsonschema==4.23.0->-r /Volumes/T7 Touch/mini/rather-not-work-on/platform-contracts/requirements-dev.txt (line 1))
  Using cached attrs-25.4.0-py3-none-any.whl.metadata (10 kB)
Collecting jsonschema-specifications>=2023.03.6 (from jsonschema==4.23.0->-r /Volumes/T7 Touch/mini/rather-not-work-on/platform-contracts/requirements-dev.txt (line 1))
  Using cached jsonschema_specifications-2025.9.1-py3-none-any.whl.metadata (2.9 kB)
Collecting referencing>=0.28.4 (from jsonschema==4.23.0->-r /Volumes/T7 Touch/mini/rather-not-work-on/platform-contracts/requirements-dev.txt (line 1))
  Downloading referencing-0.36.2-py3-none-any.whl.metadata (2.8 kB)
Collecting rpds-py>=0.7.1 (from jsonschema==4.23.0->-r /Volumes/T7 Touch/mini/rather-not-work-on/platform-contracts/requirements-dev.txt (line 1))
  Downloading rpds_py-0.27.1-cp39-cp39-macosx_11_0_arm64.whl.metadata (4.2 kB)
Collecting six (from rfc3339-validator==0.1.4->-r /Volumes/T7 Touch/mini/rather-not-work-on/platform-contracts/requirements-dev.txt (line 2))
  Using cached six-1.17.0-py2.py3-none-any.whl.metadata (1.7 kB)
Collecting typing-extensions>=4.4.0 (from referencing>=0.28.4->jsonschema==4.23.0->-r /Volumes/T7 Touch/mini/rather-not-work-on/platform-contracts/requirements-dev.txt (line 1))
  Using cached typing_extensions-4.15.0-py3-none-any.whl.metadata (3.3 kB)
Using cached jsonschema-4.23.0-py3-none-any.whl (88 kB)
Using cached rfc3339_validator-0.1.4-py2.py3-none-any.whl (3.5 kB)
Using cached attrs-25.4.0-py3-none-any.whl (67 kB)
Using cached jsonschema_specifications-2025.9.1-py3-none-any.whl (18 kB)
Downloading referencing-0.36.2-py3-none-any.whl (26 kB)
Downloading rpds_py-0.27.1-cp39-cp39-macosx_11_0_arm64.whl (354 kB)
Using cached typing_extensions-4.15.0-py3-none-any.whl (44 kB)
Using cached six-1.17.0-py2.py3-none-any.whl (11 kB)
Installing collected packages: typing-extensions, six, rpds-py, attrs, rfc3339-validator, referencing, jsonschema-specifications, jsonschema

Successfully installed attrs-25.4.0 jsonschema-4.23.0 jsonschema-specifications-2025.9.1 referencing-0.36.2 rfc3339-validator-0.1.4 rpds-py-0.27.1 six-1.17.0 typing-extensions-4.15.0
/Volumes/T7 Touch/mini/rather-not-work-on/platform-planningops/planningops/runtime-artifacts/tooling/federated-conformance/py39/bin/python: File name too long
